2026-02-04 18:59:40,209 INFO [asset_api.init_db] Initializing database at /Users/robertnguyen/working-folder/metcal-api/asset.db
2026-02-04 19:00:22,295 INFO [asset_api.init_db] Initializing database at /Users/robertnguyen/working-folder/metcal-api/asset.db
2026-02-04 19:00:23,058 INFO [asset_api.init_db] Seeded default admin user with username 'admin'
2026-02-04 19:00:23,058 INFO [asset_api.init_db] Database initialization complete
2026-02-04 19:00:39,313 INFO [asset_api.init_db] Initializing database at /Users/robertnguyen/working-folder/metcal-api/asset.db
2026-02-04 19:00:39,314 INFO [asset_api.init_db] User table already populated; skipping admin seed
2026-02-04 19:00:39,315 INFO [asset_api.init_db] Database initialization complete
2026-02-04 19:09:18,379 INFO [asset_api.api] GET / completed in 0.42ms status=404 user=None
2026-02-04 19:09:18,599 INFO [asset_api.api] GET /favicon.ico completed in 0.40ms status=404 user=None
2026-02-04 19:12:24,266 INFO [asset_api.api] POST /api/token completed in 293.00ms status=200 user=None
2026-02-04 19:14:17,998 INFO [asset_api.api] GET /api/assets completed in 4.03ms status=200 user=admin
2026-02-04 19:15:48,940 WARNING [asset_api.api] Validation error on /api/asset: [{'type': 'json_invalid', 'loc': ('body', 20), 'msg': 'JSON decode error', 'input': {}, 'ctx': {'error': 'Extra data'}}]
2026-02-04 19:15:48,941 INFO [asset_api.api] POST /api/asset completed in 2.54ms status=400 user=None
2026-02-04 19:22:36,602 INFO [asset_api.api] GET / completed in 0.89ms status=404 user=None
2026-02-04 19:22:46,508 INFO [asset_api.api] GET /loginMsg.js completed in 1.83ms status=404 user=None
2026-02-04 19:22:46,522 INFO [asset_api.api] GET /cgi/get.cgi completed in 2.61ms status=404 user=None
2026-02-04 19:43:31,007 INFO [asset_api.api] GET /api/token completed in 1.04ms status=405 user=None
2026-02-04 19:43:40,525 WARNING [asset_api.api] Validation error on /api/token: [{'type': 'missing', 'loc': ('body', 'username'), 'msg': 'Field required', 'input': {'query': '\n    query IntrospectionQuery {\n      __schema {\n        \n        queryType { name }\n        mutationType { name }\n        subscriptionType { name }\n        types {\n          ...FullType\n        }\n        directives {\n          name\n          description\n          \n          locations\n          args {\n            ...InputValue\n          }\n        }\n      }\n    }\n\n    fragment FullType on __Type {\n      kind\n      name\n      description\n      \n      fields(includeDeprecated: true) {\n        name\n        description\n        args {\n          ...InputValue\n        }\n        type {\n          ...TypeRef\n        }\n        isDeprecated\n        deprecationReason\n      }\n      inputFields {\n        ...InputValue\n      }\n      interfaces {\n        ...TypeRef\n      }\n      enumValues(includeDeprecated: true) {\n        name\n        description\n        isDeprecated\n        deprecationReason\n      }\n      possibleTypes {\n        ...TypeRef\n      }\n    }\n\n    fragment InputValue on __InputValue {\n      name\n      description\n      type { ...TypeRef }\n      defaultValue\n      \n      \n    }\n\n    fragment TypeRef on __Type {\n      kind\n      name\n      ofType {\n        kind\n        name\n        ofType {\n          kind\n          name\n          ofType {\n            kind\n            name\n            ofType {\n              kind\n              name\n              ofType {\n                kind\n                name\n                ofType {\n                  kind\n                  name\n                  ofType {\n                    kind\n                    name\n                  }\n                }\n              }\n            }\n          }\n        }\n      }\n    }\n  '}}, {'type': 'missing', 'loc': ('body', 'password'), 'msg': 'Field required', 'input': {'query': '\n    query IntrospectionQuery {\n      __schema {\n        \n        queryType { name }\n        mutationType { name }\n        subscriptionType { name }\n        types {\n          ...FullType\n        }\n        directives {\n          name\n          description\n          \n          locations\n          args {\n            ...InputValue\n          }\n        }\n      }\n    }\n\n    fragment FullType on __Type {\n      kind\n      name\n      description\n      \n      fields(includeDeprecated: true) {\n        name\n        description\n        args {\n          ...InputValue\n        }\n        type {\n          ...TypeRef\n        }\n        isDeprecated\n        deprecationReason\n      }\n      inputFields {\n        ...InputValue\n      }\n      interfaces {\n        ...TypeRef\n      }\n      enumValues(includeDeprecated: true) {\n        name\n        description\n        isDeprecated\n        deprecationReason\n      }\n      possibleTypes {\n        ...TypeRef\n      }\n    }\n\n    fragment InputValue on __InputValue {\n      name\n      description\n      type { ...TypeRef }\n      defaultValue\n      \n      \n    }\n\n    fragment TypeRef on __Type {\n      kind\n      name\n      ofType {\n        kind\n        name\n        ofType {\n          kind\n          name\n          ofType {\n            kind\n            name\n            ofType {\n              kind\n              name\n              ofType {\n                kind\n                name\n                ofType {\n                  kind\n                  name\n                  ofType {\n                    kind\n                    name\n                  }\n                }\n              }\n            }\n          }\n        }\n      }\n    }\n  '}}]
2026-02-04 19:43:40,526 INFO [asset_api.api] POST /api/token completed in 12.39ms status=400 user=None
2026-02-04 19:43:57,203 INFO [asset_api.api] POST /api/token completed in 258.95ms status=200 user=None
2026-02-04 19:45:11,539 INFO [asset_api.api] GET /api/assets completed in 11.99ms status=200 user=admin
2026-02-04 19:51:08,518 INFO [asset_api.api] POST /api/asset completed in 5.32ms status=201 user=admin
2026-02-04 19:51:14,165 INFO [asset_api.api] GET /api/assets completed in 4.51ms status=200 user=admin
2026-02-04 21:55:36,066 INFO [asset_api.api] POST /api/token completed in 277.87ms status=200 user=None
